<?xml version="1.0" encoding="UTF-8"?>
<testsuite xmlns:xsi="http://www.w3.org/2001/XMLSchema-instance" xsi:noNamespaceSchemaLocation="https://maven.apache.org/surefire/maven-surefire-plugin/xsd/surefire-test-report.xsd" version="3.0.2" name="unit_testing.OrderServiceTest" time="1.802" tests="6" errors="0" skipped="0" failures="0">
  <properties>
[...]
</properties>
  <testcase name="testCancelOrderInProduction" classname="unit_testing.OrderServiceTest" time="1.695">
    <system-err><![CDATA[Mockito is currently self-attaching to enable the inline-mock-maker. This will no longer work in future releases of the JDK. Please add Mockito as an agent to your build what is described in Mockito's documentation: https://javadoc.io/doc/org.mockito/mockito-core/latest/org/mockito/Mockito.html#0.3
WARNING: A Java agent has been loaded dynamically (C:\Users\s.samid\.m2\repository\net\bytebuddy\byte-buddy-agent\1.15.11\byte-buddy-agent-1.15.11.jar)
WARNING: If a serviceability tool is in use, please run with -XX:+EnableDynamicAgentLoading to hide this warning
WARNING: If a serviceability tool is not in use, please run with -Djdk.instrument.traceUsage for more information
WARNING: Dynamic loading of agents will be disallowed by default in a future release
]]></system-err>
  </testcase>
  <testcase name="testCreateOrderSuccess" classname="unit_testing.OrderServiceTest" time="0.04">
    <system-err><![CDATA[mai 20, 2025 4:46:38 P.M. com.example.medjool.services.implementation.OrderServiceImpl createOrder
INFO: New Order is being processed...
mai 20, 2025 4:46:38 P.M. com.example.medjool.services.implementation.OrderServiceImpl createOrder
INFO: OrderRequestDto{clientName='Fresh Fruits Inc', items=[com.example.medjool.dto.OrderItemRequestDto@23eff5d1], currency='null', productionDate=2025-05-20, shippingAddress='null'}
]]></system-err>
  </testcase>
  <testcase name="testCreateOrder_withProductNotFound" classname="unit_testing.OrderServiceTest" time="0.01">
    <system-err><![CDATA[mai 20, 2025 4:46:38 P.M. com.example.medjool.services.implementation.OrderServiceImpl createOrder
INFO: New Order is being processed...
mai 20, 2025 4:46:38 P.M. com.example.medjool.services.implementation.OrderServiceImpl createOrder
INFO: OrderRequestDto{clientName='Fresh Fruits Inc', items=[com.example.medjool.dto.OrderItemRequestDto@7487b142], currency='MAD', productionDate=2025-05-20, shippingAddress='null'}
]]></system-err>
  </testcase>
  <testcase name="testCancelOrderShipped_failed" classname="unit_testing.OrderServiceTest" time="0.006"/>
  <testcase name="testCreateOrder_withProductLowStock" classname="unit_testing.OrderServiceTest" time="0.004"/>
  <testcase name="testCreateOrder_withInActiveClient" classname="unit_testing.OrderServiceTest" time="0.009">
    <system-err><![CDATA[mai 20, 2025 4:46:38 P.M. com.example.medjool.services.implementation.OrderServiceImpl createOrder
INFO: New Order is being processed...
mai 20, 2025 4:46:38 P.M. com.example.medjool.services.implementation.OrderServiceImpl createOrder
INFO: OrderRequestDto{clientName='Fresh Fruits Inc', items=[com.example.medjool.dto.OrderItemRequestDto@fb6097b], currency='MAD', productionDate=2025-05-20, shippingAddress='null'}
]]></system-err>
  </testcase>
</testsuite>